timestamp: 2023-05-17T17:18:44.116759
CREATE TABLE "py4web_session"(
    "id" INTEGER PRIMARY KEY AUTOINCREMENT,
    "rkey" CHAR(512),
    "rvalue" TEXT,
    "expiration" INTEGER,
    "created_on" TIMESTAMP,
    "expires_on" TIMESTAMP
);
success!
timestamp: 2023-05-17T17:18:44.125760
CREATE TABLE "auth_user"(
    "id" INTEGER PRIMARY KEY AUTOINCREMENT,
    "username" CHAR(512) UNIQUE,
    "email" CHAR(512) UNIQUE,
    "password" CHAR(512),
    "first_name" CHAR(512),
    "last_name" CHAR(512),
    "sso_id" CHAR(512),
    "action_token" CHAR(512),
    "last_password_change" TIMESTAMP,
    "past_passwords_hash" TEXT
);
success!
timestamp: 2023-05-17T17:18:44.131760
CREATE TABLE "auth_user_tag_groups"(
    "id" INTEGER PRIMARY KEY AUTOINCREMENT,
    "tagpath" CHAR(512),
    "record_id" INTEGER REFERENCES "auth_user" ("id") ON DELETE CASCADE ON UPDATE CASCADE  
);
success!
timestamp: 2023-05-17T18:18:57.559355
CREATE TABLE "follow"(
    "id" INTEGER PRIMARY KEY AUTOINCREMENT,
    "user_email" CHAR(512),
    "name" CHAR(512),
    "followed" CHAR(512)
);
success!
timestamp: 2023-05-17T18:45:15.181581
CREATE TABLE "users"(
    "id" INTEGER PRIMARY KEY AUTOINCREMENT,
    "user_email" CHAR(512),
    "name" CHAR(512),
    "followed" CHAR(512)
);
success!
success!
timestamp: 2023-05-19T09:52:06.942628
CREATE TABLE "following"(
    "id" INTEGER PRIMARY KEY AUTOINCREMENT,
    "user_id" INTEGER REFERENCES "auth_user" ("id") ON DELETE CASCADE ON UPDATE CASCADE  ,
    "following" CHAR(1)
);
success!
timestamp: 2023-05-19T10:07:56.015643
ALTER TABLE "users" ADD "email" CHAR(512);
timestamp: 2023-05-19T10:07:56.020642
ALTER TABLE "users" ADD "username" CHAR(512);
timestamp: 2023-05-19T10:07:56.025643
ALTER TABLE "users" ADD "password" CHAR(512);
timestamp: 2023-05-19T10:07:56.030642
ALTER TABLE "users" ADD "following" CHAR(1);
success!
success!
timestamp: 2023-05-19T10:12:24.712644
ALTER TABLE "follow" ADD "following" CHAR(1);
success!
success!
success!
success!
success!
success!
success!
success!
timestamp: 2023-05-19T12:20:17.509690
CREATE TABLE "post"(
    "id" INTEGER PRIMARY KEY AUTOINCREMENT,
    "username" INTEGER REFERENCES "auth_user" ("id") ON DELETE CASCADE ON UPDATE CASCADE  ,
    "email" CHAR(512),
    "time" CHAR(512),
    "post_text" CHAR(512)
);
success!
success!
