timestamp: 2022-05-02T16:07:27.445222
CREATE TABLE "py4web_session"(
    "id" INTEGER PRIMARY KEY AUTOINCREMENT,
    "rkey" CHAR(512),
    "rvalue" TEXT,
    "expiration" INTEGER,
    "created_on" TIMESTAMP,
    "expires_on" TIMESTAMP
);
success!
timestamp: 2022-05-02T16:07:27.452187
CREATE TABLE "auth_user"(
    "id" INTEGER PRIMARY KEY AUTOINCREMENT,
    "email" CHAR(512) UNIQUE,
    "password" CHAR(512),
    "first_name" CHAR(512),
    "last_name" CHAR(512),
    "sso_id" CHAR(512),
    "action_token" CHAR(512),
    "last_password_change" TIMESTAMP,
    "past_passwords_hash" TEXT
);
success!
timestamp: 2022-05-02T16:07:27.456297
CREATE TABLE "auth_user_tag_groups"(
    "id" INTEGER PRIMARY KEY AUTOINCREMENT,
    "tagpath" CHAR(512),
    "record_id" INTEGER REFERENCES "auth_user" ("id") ON DELETE CASCADE  
);
success!
timestamp: 2022-05-02T16:16:36.442984
CREATE TABLE "contact"(
    "id" INTEGER PRIMARY KEY AUTOINCREMENT,
    "first_name" CHAR(512),
    "last_name" CHAR(512),
    "user_email" CHAR(512)
);
success!
timestamp: 2022-05-02T16:53:53.892540
CREATE TABLE "phone"(
    "id" INTEGER PRIMARY KEY AUTOINCREMENT,
    "contact_id" INTEGER REFERENCES "contact" ("id") ON DELETE CASCADE  ,
    "phone_number" CHAR(512),
    "phone_name" CHAR(512)
);
success!
success!
success!
success!
success!
