timestamp: 2023-04-19T14:59:54.271493
CREATE TABLE "auth_user"(
    "id" INTEGER PRIMARY KEY AUTOINCREMENT,
    "username" CHAR(512) UNIQUE,
    "email" CHAR(512) UNIQUE,
    "password" CHAR(512),
    "first_name" CHAR(512),
    "last_name" CHAR(512),
    "sso_id" CHAR(512),
    "action_token" CHAR(512),
    "last_password_change" TIMESTAMP,
    "past_passwords_hash" TEXT
);
success!
timestamp: 2023-04-19T14:59:54.276349
CREATE TABLE "auth_user_tag_groups"(
    "id" INTEGER PRIMARY KEY AUTOINCREMENT,
    "tagpath" CHAR(512),
    "record_id" INTEGER REFERENCES "auth_user" ("id") ON DELETE CASCADE ON UPDATE CASCADE  
);
success!
timestamp: 2023-04-27T17:57:16.296901
CREATE TABLE "bird"(
    "id" INTEGER PRIMARY KEY AUTOINCREMENT,
    "bird" CHAR(512),
    "weight" INTEGER,
    "diet" CHAR(512),
    "habitat" CHAR(512),
    "n_sightings" INTEGER,
    "user_email" CHAR(512)
);
success!
